[2023-08-02 08:11:39,961] [PID 276308] [MainThread] [dramatiq.MainProcess] [INFO] Dramatiq '1.12.0' is booting up.
[2023-08-02 08:11:39] - [DEBUG] - [dramatiq.WorkerProcess(0):345]  - Loading modules...
[2023-08-02 08:11:39] - [DEBUG] - [dramatiq.WorkerProcess(0):357]  - Starting worker threads...
[2023-08-02 08:11:39] - [DEBUG] - [dramatiq.worker._WorkerMiddleware:223]  - Adding consumer for queue 'default'.
[2023-08-02 08:11:39] - [DEBUG] - [dramatiq.worker.ConsumerThread(default):248]  - Running consumer thread...
[2023-08-02 08:11:39] - [DEBUG] - [dramatiq.worker._WorkerMiddleware:227]  - Adding consumer for delay queue 'default.DQ'.
[2023-08-02 08:11:39] - [DEBUG] - [dramatiq.worker.ConsumerThread(default.DQ):248]  - Running consumer thread...
[2023-08-02 08:11:39] - [DEBUG] - [dramatiq.worker.WorkerThread:449]  - Running worker thread...
[2023-08-02 08:11:39] - [DEBUG] - [dramatiq.worker.WorkerThread:449]  - Running worker thread...
[2023-08-02 08:11:39] - [DEBUG] - [dramatiq.worker.WorkerThread:449]  - Running worker thread...
[2023-08-02 08:11:39] - [DEBUG] - [dramatiq.worker.WorkerThread:449]  - Running worker thread...
[2023-08-02 08:11:39] - [INFO] - [dramatiq.WorkerProcess(0):381]  - Worker process is ready for action.
[2023-08-02 08:11:39] - [DEBUG] - [dramatiq.WorkerProcess(1):345]  - Loading modules...
[2023-08-02 08:11:39] - [DEBUG] - [dramatiq.WorkerProcess(1):357]  - Starting worker threads...
[2023-08-02 08:11:39] - [DEBUG] - [dramatiq.worker._WorkerMiddleware:223]  - Adding consumer for queue 'default'.
[2023-08-02 08:11:39] - [DEBUG] - [dramatiq.worker.ConsumerThread(default):248]  - Running consumer thread...
[2023-08-02 08:11:39] - [DEBUG] - [dramatiq.worker._WorkerMiddleware:227]  - Adding consumer for delay queue 'default.DQ'.
[2023-08-02 08:11:39] - [DEBUG] - [dramatiq.worker.ConsumerThread(default.DQ):248]  - Running consumer thread...
[2023-08-02 08:11:39] - [DEBUG] - [dramatiq.worker.WorkerThread:449]  - Running worker thread...
[2023-08-02 08:11:39] - [DEBUG] - [dramatiq.worker.WorkerThread:449]  - Running worker thread...
[2023-08-02 08:11:39] - [DEBUG] - [dramatiq.worker.WorkerThread:449]  - Running worker thread...
[2023-08-02 08:11:39] - [DEBUG] - [dramatiq.worker.WorkerThread:449]  - Running worker thread...
[2023-08-02 08:11:39] - [INFO] - [dramatiq.WorkerProcess(1):381]  - Worker process is ready for action.
[2023-08-02 08:11:39] - [DEBUG] - [dramatiq.WorkerProcess(2):345]  - Loading modules...
[2023-08-02 08:11:39] - [DEBUG] - [dramatiq.WorkerProcess(2):357]  - Starting worker threads...
[2023-08-02 08:11:39] - [DEBUG] - [dramatiq.worker._WorkerMiddleware:223]  - Adding consumer for queue 'default'.
[2023-08-02 08:11:39] - [DEBUG] - [dramatiq.worker.ConsumerThread(default):248]  - Running consumer thread...
[2023-08-02 08:11:39] - [DEBUG] - [dramatiq.worker._WorkerMiddleware:227]  - Adding consumer for delay queue 'default.DQ'.
[2023-08-02 08:11:39] - [DEBUG] - [dramatiq.worker.ConsumerThread(default.DQ):248]  - Running consumer thread...
[2023-08-02 08:11:39] - [DEBUG] - [dramatiq.worker.WorkerThread:449]  - Running worker thread...
[2023-08-02 08:11:39] - [DEBUG] - [dramatiq.worker.WorkerThread:449]  - Running worker thread...
[2023-08-02 08:11:39] - [DEBUG] - [dramatiq.worker.WorkerThread:449]  - Running worker thread...
[2023-08-02 08:11:39] - [DEBUG] - [dramatiq.worker.WorkerThread:449]  - Running worker thread...
[2023-08-02 08:11:39] - [INFO] - [dramatiq.WorkerProcess(2):381]  - Worker process is ready for action.
[2023-08-02 08:11:39] - [DEBUG] - [dramatiq.WorkerProcess(3):345]  - Loading modules...
[2023-08-02 08:11:39] - [DEBUG] - [dramatiq.WorkerProcess(3):351]  - Sending forks to main process...
[2023-08-02 08:11:39] - [DEBUG] - [dramatiq.WorkerProcess(3):357]  - Starting worker threads...
[2023-08-02 08:11:39] - [DEBUG] - [dramatiq.worker._WorkerMiddleware:223]  - Adding consumer for queue 'default'.
[2023-08-02 08:11:39] - [DEBUG] - [dramatiq.worker.ConsumerThread(default):248]  - Running consumer thread...
[2023-08-02 08:11:39] - [DEBUG] - [dramatiq.worker._WorkerMiddleware:227]  - Adding consumer for delay queue 'default.DQ'.
[2023-08-02 08:11:39] - [DEBUG] - [dramatiq.worker.ConsumerThread(default.DQ):248]  - Running consumer thread...
[2023-08-02 08:11:39] - [DEBUG] - [dramatiq.worker.WorkerThread:449]  - Running worker thread...
[2023-08-02 08:11:39] - [DEBUG] - [dramatiq.worker.WorkerThread:449]  - Running worker thread...
[2023-08-02 08:11:39] - [DEBUG] - [dramatiq.worker.WorkerThread:449]  - Running worker thread...
[2023-08-02 08:11:39] - [DEBUG] - [dramatiq.worker.WorkerThread:449]  - Running worker thread...
[2023-08-02 08:11:39] - [INFO] - [dramatiq.WorkerProcess(3):381]  - Worker process is ready for action.
